<?xml version="1.0" encoding="UTF-8"?>
<testsuite xmlns:xsi="http://www.w3.org/2001/XMLSchema-instance" xsi:noNamespaceSchemaLocation="https://maven.apache.org/surefire/maven-surefire-plugin/xsd/surefire-test-report-3.0.xsd" version="3.0" name="com.managelist.RunCucumberTest" time="0.262" tests="3" errors="0" skipped="0" failures="0">
  <properties>
[...]
</properties>
  <testcase name="Add a task to the TODO list" classname="Manage TODO List" time="0.084">
    <system-out><![CDATA[
Scenario: Add a task to the TODO list                        &amp#27;[90m# com/managelist/example.feature:3&amp#27;[0m
  &amp#27;[32mGiven &amp#27;[0m&amp#27;[32mthe user has an empty TODO list&amp#27;[0m                      &amp#27;[90m# com.managelist.ManageList.the_user_has_an_empty_todo_list()&amp#27;[0m
  &amp#27;[32mWhen &amp#27;[0m&amp#27;[32mthe user adds a task &amp#27;[0m&amp#27;[32m&amp#27;[1m"Buy groceries"&amp#27;[0m&amp#27;[32m to the TODO list&amp#27;[0m &amp#27;[90m# com.managelist.ManageList.the_user_adds_a_task_to_the_todo_list(java.lang.String)&amp#27;[0m
  &amp#27;[32mThen &amp#27;[0m&amp#27;[32mthe TODO list should contain the task &amp#27;[0m&amp#27;[32m&amp#27;[1m"Buy groceries"&amp#27;[0m &amp#27;[90m# com.managelist.ManageList.the_todo_list_should_contain_the_task(java.lang.String)&amp#27;[0m
]]></system-out>
  </testcase>
  <testcase name="Mark a task as done" classname="Manage TODO List" time="0.009">
    <system-out><![CDATA[
Scenario: Mark a task as done                                   &amp#27;[90m# com/managelist/example.feature:8&amp#27;[0m
  &amp#27;[32mGiven &amp#27;[0m&amp#27;[32mthe user has a TODO list with a task &amp#27;[0m&amp#27;[32m&amp#27;[1m"Read a book"&amp#27;[0m      &amp#27;[90m# com.managelist.ManageList.the_user_has_a_todo_list_with_a_task(java.lang.String)&amp#27;[0m
Marking task as done: Read a book
  &amp#27;[32mWhen &amp#27;[0m&amp#27;[32mthe user marks the task &amp#27;[0m&amp#27;[32m&amp#27;[1m"Read a book"&amp#27;[0m&amp#27;[32m as done&amp#27;[0m            &amp#27;[90m# com.managelist.ManageList.the_user_marks_the_task_as_done(java.lang.String)&amp#27;[0m
TODO List:
- Read a book
  &amp#27;[32mThen &amp#27;[0m&amp#27;[32mthe TODO list should show the task &amp#27;[0m&amp#27;[32m&amp#27;[1m"Read a book"&amp#27;[0m&amp#27;[32m as done&amp#27;[0m &amp#27;[90m# com.managelist.ManageList.the_todo_list_should_show_the_task_as_done(java.lang.String)&amp#27;[0m
]]></system-out>
  </testcase>
  <testcase name="Remove a task from the TODO list" classname="Manage TODO List" time="0.024">
    <system-out><![CDATA[
Scenario: Remove a task from the TODO list                                  &amp#27;[90m# com/managelist/example.feature:13&amp#27;[0m
  &amp#27;[32mGiven &amp#27;[0m&amp#27;[32mthe user has a TODO list with tasks:&amp#27;[0m                                &amp#27;[90m# com.managelist.ManageList.the_user_has_a_todo_list_with_tasks(java.util.List<java.lang.String>)&amp#27;[0m
    | Task          |
    | Write code    |
    | Exercise      |
    | Call a friend |
  &amp#27;[32mWhen &amp#27;[0m&amp#27;[32mthe user removes the task &amp#27;[0m&amp#27;[32m&amp#27;[1m"Write code"&amp#27;[0m&amp#27;[32m from the TODO list&amp#27;[0m            &amp#27;[90m# com.managelist.ManageList.the_user_removes_the_task_from_the_todo_list(java.lang.String)&amp#27;[0m
  &amp#27;[32mThen &amp#27;[0m&amp#27;[32mthe TODO list should not contain the task &amp#27;[0m&amp#27;[32m&amp#27;[1m"Write code"&amp#27;[0m               &amp#27;[90m# com.managelist.ManageList.the_todo_list_should_not_contain_the_task(java.lang.String)&amp#27;[0m
  &amp#27;[32mAnd &amp#27;[0m&amp#27;[32mthe TODO list should contain the tasks &amp#27;[0m&amp#27;[32m&amp#27;[1m"Exercise"&amp#27;[0m&amp#27;[32m and &amp#27;[0m&amp#27;[32m&amp#27;[1m"Call a friend"&amp#27;[0m &amp#27;[90m# com.managelist.ManageList.the_todo_list_should_contain_the_tasks_and(java.lang.String,java.lang.String)&amp#27;[0m
]]></system-out>
  </testcase>
</testsuite>